<?xml version="1.0" encoding="UTF-8"?>
<!-- Generated by org.testng.reporters.JUnitReportReporter -->
<testsuite hostname="DESKTOP-312GK3P" failures="0" tests="7" name="app.qa.testScripts.DashboardPageTest" time="1.456" errors="1" timestamp="2022-04-07T22:46:28 IST" skipped="6">
  <testcase classname="app.qa.testScripts.DashboardPageTest" name="checkUserImageTest" time="0.000">
    <skipped/>
  </testcase> <!-- checkUserImageTest -->
  <system-out/>
  <testcase classname="app.qa.testScripts.DashboardPageTest" name="checkBtnBlueTest" time="0.000">
    <skipped/>
  </testcase> <!-- checkBtnBlueTest -->
  <system-out/>
  <testcase classname="app.qa.testScripts.DashboardPageTest" name="checkSearchMarketTest" time="0.001">
    <skipped/>
  </testcase> <!-- checkSearchMarketTest -->
  <system-out/>
  <testcase classname="app.qa.testScripts.DashboardPageTest" name="getTitleTest" time="0.000">
    <skipped/>
  </testcase> <!-- getTitleTest -->
  <system-out/>
  <testcase classname="app.qa.testScripts.DashboardPageTest" name="checkUserIdLabelTest" time="0.000">
    <skipped/>
  </testcase> <!-- checkUserIdLabelTest -->
  <system-out/>
  <testcase classname="app.qa.testScripts.DashboardPageTest" name="checkNicknameTest" time="0.000">
    <skipped/>
  </testcase> <!-- checkNicknameTest -->
  <system-out/>
  <testcase classname="app.qa.testScripts.DashboardPageTest" name="setup" time="1.455">
    <error message="session not created: This version of ChromeDriver only supports Chrome version 98
Current browser version is 100.0.4896.75 with binary path C:\Program Files (x86)\Google\Chrome\Application\chrome.exe
Build info: version: &#039;3.141.59&#039;, revision: &#039;e82be7d358&#039;, time: &#039;2018-11-14T08:17:03&#039;
System info: host: &#039;DESKTOP-312GK3P&#039;, ip: &#039;192.168.43.9&#039;, os.name: &#039;Windows 10&#039;, os.arch: &#039;amd64&#039;, os.version: &#039;10.0&#039;, java.version: &#039;14&#039;
Driver info: driver.version: ChromeDriver
remote stacktrace: Backtrace:
	Ordinal0 [0x00CF7AC3+2587331]
	Ordinal0 [0x00C8ADD1+2141649]
	Ordinal0 [0x00B83BB8+1063864]
	Ordinal0 [0x00BA3638+1193528]
	Ordinal0 [0x00B9F4B5+1176757]
	Ordinal0 [0x00B9CC51+1166417]
	Ordinal0 [0x00BCD12F+1364271]
	Ordinal0 [0x00BCCD5A+1363290]
	Ordinal0 [0x00BC84A6+1344678]
	Ordinal0 [0x00BA53F6+1201142]
	Ordinal0 [0x00BA62E6+1204966]
	GetHandleVerifier [0x00E9DF22+1680738]
	GetHandleVerifier [0x00F50DBC+2413564]
	GetHandleVerifier [0x00D8D151+563089]
	GetHandleVerifier [0x00D8BF13+558419]
	Ordinal0 [0x00C9081E+2164766]
	Ordinal0 [0x00C95508+2184456]
	Ordinal0 [0x00C95650+2184784]
	Ordinal0 [0x00C9F5BC+2225596]
	BaseThreadInitThunk [0x75C66739+25]
	RtlGetFullPathName_UEx [0x774A8E7F+1215]
	RtlGetFullPathName_UEx [0x774A8E4D+1165]
" type="org.openqa.selenium.SessionNotCreatedException">
      <![CDATA[org.openqa.selenium.SessionNotCreatedException: session not created: This version of ChromeDriver only supports Chrome version 98
Current browser version is 100.0.4896.75 with binary path C:\Program Files (x86)\Google\Chrome\Application\chrome.exe
Build info: version: '3.141.59', revision: 'e82be7d358', time: '2018-11-14T08:17:03'
System info: host: 'DESKTOP-312GK3P', ip: '192.168.43.9', os.name: 'Windows 10', os.arch: 'amd64', os.version: '10.0', java.version: '14'
Driver info: driver.version: ChromeDriver
remote stacktrace: Backtrace:
Ordinal0 [0x00CF7AC3+2587331]
Ordinal0 [0x00C8ADD1+2141649]
Ordinal0 [0x00B83BB8+1063864]
Ordinal0 [0x00BA3638+1193528]
Ordinal0 [0x00B9F4B5+1176757]
Ordinal0 [0x00B9CC51+1166417]
Ordinal0 [0x00BCD12F+1364271]
Ordinal0 [0x00BCCD5A+1363290]
Ordinal0 [0x00BC84A6+1344678]
Ordinal0 [0x00BA53F6+1201142]
Ordinal0 [0x00BA62E6+1204966]
GetHandleVerifier [0x00E9DF22+1680738]
GetHandleVerifier [0x00F50DBC+2413564]
GetHandleVerifier [0x00D8D151+563089]
GetHandleVerifier [0x00D8BF13+558419]
Ordinal0 [0x00C9081E+2164766]
Ordinal0 [0x00C95508+2184456]
Ordinal0 [0x00C95650+2184784]
Ordinal0 [0x00C9F5BC+2225596]
BaseThreadInitThunk [0x75C66739+25]
RtlGetFullPathName_UEx [0x774A8E7F+1215]
RtlGetFullPathName_UEx [0x774A8E4D+1165]

at java.base/jdk.internal.reflect.NativeConstructorAccessorImpl.newInstance0(Native Method)
at java.base/jdk.internal.reflect.NativeConstructorAccessorImpl.newInstance(NativeConstructorAccessorImpl.java:62)
at java.base/jdk.internal.reflect.DelegatingConstructorAccessorImpl.newInstance(DelegatingConstructorAccessorImpl.java:45)
at java.base/java.lang.reflect.Constructor.newInstanceWithCaller(Constructor.java:500)
at java.base/java.lang.reflect.Constructor.newInstance(Constructor.java:481)
at org.openqa.selenium.remote.W3CHandshakeResponse.lambda$errorHandler$0(W3CHandshakeResponse.java:62)
at org.openqa.selenium.remote.HandshakeResponse.lambda$getResponseFunction$0(HandshakeResponse.java:30)
at org.openqa.selenium.remote.ProtocolHandshake.lambda$createSession$0(ProtocolHandshake.java:126)
at java.base/java.util.stream.ReferencePipeline$3$1.accept(ReferencePipeline.java:195)
at java.base/java.util.Spliterators$ArraySpliterator.tryAdvance(Spliterators.java:958)
at java.base/java.util.stream.ReferencePipeline.forEachWithCancel(ReferencePipeline.java:127)
at java.base/java.util.stream.AbstractPipeline.copyIntoWithCancel(AbstractPipeline.java:502)
at java.base/java.util.stream.AbstractPipeline.copyInto(AbstractPipeline.java:488)
at java.base/java.util.stream.AbstractPipeline.wrapAndCopyInto(AbstractPipeline.java:474)
at java.base/java.util.stream.FindOps$FindOp.evaluateSequential(FindOps.java:150)
at java.base/java.util.stream.AbstractPipeline.evaluate(AbstractPipeline.java:234)
at java.base/java.util.stream.ReferencePipeline.findFirst(ReferencePipeline.java:543)
at org.openqa.selenium.remote.ProtocolHandshake.createSession(ProtocolHandshake.java:128)
at org.openqa.selenium.remote.ProtocolHandshake.createSession(ProtocolHandshake.java:74)
at org.openqa.selenium.remote.HttpCommandExecutor.execute(HttpCommandExecutor.java:136)
at org.openqa.selenium.remote.service.DriverCommandExecutor.execute(DriverCommandExecutor.java:83)
at org.openqa.selenium.remote.RemoteWebDriver.execute(RemoteWebDriver.java:552)
at org.openqa.selenium.remote.RemoteWebDriver.startSession(RemoteWebDriver.java:213)
at org.openqa.selenium.remote.RemoteWebDriver.<init>(RemoteWebDriver.java:131)
at org.openqa.selenium.chrome.ChromeDriver.<init>(ChromeDriver.java:181)
at org.openqa.selenium.chrome.ChromeDriver.<init>(ChromeDriver.java:168)
at org.openqa.selenium.chrome.ChromeDriver.<init>(ChromeDriver.java:123)
at app.qa.base.TestBase.initialization(TestBase.java:37)
at app.qa.testScripts.DashboardPageTest.setup(DashboardPageTest.java:29)
at java.base/jdk.internal.reflect.NativeMethodAccessorImpl.invoke0(Native Method)
at java.base/jdk.internal.reflect.NativeMethodAccessorImpl.invoke(NativeMethodAccessorImpl.java:62)
at java.base/jdk.internal.reflect.DelegatingMethodAccessorImpl.invoke(DelegatingMethodAccessorImpl.java:43)
at java.base/java.lang.reflect.Method.invoke(Method.java:564)
at org.testng.internal.MethodInvocationHelper.invokeMethod(MethodInvocationHelper.java:134)
at org.testng.internal.MethodInvocationHelper.invokeMethodConsideringTimeout(MethodInvocationHelper.java:63)
at org.testng.internal.ConfigInvoker.invokeConfigurationMethod(ConfigInvoker.java:348)
at org.testng.internal.ConfigInvoker.invokeConfigurations(ConfigInvoker.java:302)
at org.testng.internal.TestInvoker.runConfigMethods(TestInvoker.java:695)
at org.testng.internal.TestInvoker.invokeMethod(TestInvoker.java:523)
at org.testng.internal.TestInvoker.invokeTestMethod(TestInvoker.java:173)
at org.testng.internal.MethodRunner.runInSequence(MethodRunner.java:46)
at org.testng.internal.TestInvoker$MethodInvocationAgent.invoke(TestInvoker.java:816)
at org.testng.internal.TestInvoker.invokeTestMethods(TestInvoker.java:146)
at org.testng.internal.TestMethodWorker.invokeTestMethods(TestMethodWorker.java:146)
at org.testng.internal.TestMethodWorker.run(TestMethodWorker.java:128)
at java.base/java.util.ArrayList.forEach(ArrayList.java:1510)
at org.testng.TestRunner.privateRun(TestRunner.java:766)
at org.testng.TestRunner.run(TestRunner.java:587)
at org.testng.SuiteRunner.runTest(SuiteRunner.java:384)
at org.testng.SuiteRunner.runSequentially(SuiteRunner.java:378)
at org.testng.SuiteRunner.privateRun(SuiteRunner.java:337)
at org.testng.SuiteRunner.run(SuiteRunner.java:286)
at org.testng.SuiteRunnerWorker.runSuite(SuiteRunnerWorker.java:53)
at org.testng.SuiteRunnerWorker.run(SuiteRunnerWorker.java:96)
at org.testng.TestNG.runSuitesSequentially(TestNG.java:1187)
at org.testng.TestNG.runSuitesLocally(TestNG.java:1109)
at org.testng.TestNG.runSuites(TestNG.java:1039)
at org.testng.TestNG.run(TestNG.java:1007)
at org.testng.remote.AbstractRemoteTestNG.run(AbstractRemoteTestNG.java:115)
at org.testng.remote.RemoteTestNG.initAndRun(RemoteTestNG.java:251)
at org.testng.remote.RemoteTestNG.main(RemoteTestNG.java:77)
]]>
    </error>
  </testcase> <!-- setup -->
  <system-out/>
</testsuite> <!-- app.qa.testScripts.DashboardPageTest -->
